# JRE version: OpenJDK Runtime Environment (8.0_76-b03) (build 1.8.0_76-release-b03)
# Java VM: OpenJDK 64-Bit Server VM (25.76-b03 mixed mode windows-amd64 compressed oops)
Heap:
 PSYoungGen      total 310272K, used 110378K [0x00000000e0000000, 0x00000000f8800000, 0x0000000100000000)
  eden space 276992K, 39% used [0x00000000e0000000,0x00000000e6bcaad0,0x00000000f0e80000)
  from space 33280K, 0% used [0x00000000f3a00000,0x00000000f3a00000,0x00000000f5a80000)
  to   space 44544K, 0% used [0x00000000f0e80000,0x00000000f0e80000,0x00000000f3a00000)
 ParOldGen       total 140800K, used 116716K [0x00000000a0000000, 0x00000000a8980000, 0x00000000e0000000)
  object space 140800K, 82% used [0x00000000a0000000,0x00000000a71fb250,0x00000000a8980000)
 Metaspace       used 62870K, capacity 64612K, committed 64792K, reserved 1105920K
  class space    used 8041K, capacity 8418K, committed 8472K, reserved 1048576K
GC Heap History (10 events):
Event: 45.637 GC heap before
{Heap before GC invocations=18 (full 3):
 PSYoungGen      total 236032K, used 235360K [0x00000000e0000000, 0x00000000f0c00000, 0x0000000100000000)
  eden space 214528K, 100% used [0x00000000e0000000,0x00000000ed180000,0x00000000ed180000)
  from space 21504K, 96% used [0x00000000ee980000,0x00000000efdd82b0,0x00000000efe80000)
  to   space 24576K, 0% used [0x00000000ed180000,0x00000000ed180000,0x00000000ee980000)
 ParOldGen       total 140800K, used 34622K [0x00000000a0000000, 0x00000000a8980000, 0x00000000e0000000)
  object space 140800K, 24% used [0x00000000a0000000,0x00000000a21cf830,0x00000000a8980000)
 Metaspace       used 62616K, capacity 64370K, committed 64536K, reserved 1105920K
  class space    used 8040K, capacity 8421K, committed 8472K, reserved 1048576K
Event: 45.749 GC heap after
Heap after GC invocations=18 (full 3):
 PSYoungGen      total 239104K, used 24544K [0x00000000e0000000, 0x00000000f5a80000, 0x0000000100000000)
  eden space 214528K, 0% used [0x00000000e0000000,0x00000000e0000000,0x00000000ed180000)
  from space 24576K, 99% used [0x00000000ed180000,0x00000000ee9781f0,0x00000000ee980000)
  to   space 33280K, 0% used [0x00000000f3a00000,0x00000000f3a00000,0x00000000f5a80000)
 ParOldGen       total 140800K, used 48809K [0x00000000a0000000, 0x00000000a8980000, 0x00000000e0000000)
  object space 140800K, 34% used [0x00000000a0000000,0x00000000a2faa4e0,0x00000000a8980000)
 Metaspace       used 62616K, capacity 64370K, committed 64536K, reserved 1105920K
  class space    used 8040K, capacity 8421K, committed 8472K, reserved 1048576K
}
Event: 46.593 GC heap before
{Heap before GC invocations=19 (full 3):
 PSYoungGen      total 239104K, used 239072K [0x00000000e0000000, 0x00000000f5a80000, 0x0000000100000000)
  eden space 214528K, 100% used [0x00000000e0000000,0x00000000ed180000,0x00000000ed180000)
  from space 24576K, 99% used [0x00000000ed180000,0x00000000ee9781f0,0x00000000ee980000)
  to   space 33280K, 0% used [0x00000000f3a00000,0x00000000f3a00000,0x00000000f5a80000)
 ParOldGen       total 140800K, used 48809K [0x00000000a0000000, 0x00000000a8980000, 0x00000000e0000000)
  object space 140800K, 34% used [0x00000000a0000000,0x00000000a2faa4e0,0x00000000a8980000)
 Metaspace       used 62662K, capacity 64434K, committed 64792K, reserved 1105920K
  class space    used 8042K, capacity 8421K, committed 8472K, reserved 1048576K
Event: 46.735 GC heap after
Heap after GC invocations=19 (full 3):
 PSYoungGen      total 310272K, used 33268K [0x00000000e0000000, 0x00000000f8800000, 0x0000000100000000)
  eden space 276992K, 0% used [0x00000000e0000000,0x00000000e0000000,0x00000000f0e80000)
  from space 33280K, 99% used [0x00000000f3a00000,0x00000000f5a7d3b0,0x00000000f5a80000)
  to   space 44544K, 0% used [0x00000000f0e80000,0x00000000f0e80000,0x00000000f3a00000)
 ParOldGen       total 140800K, used 64323K [0x00000000a0000000, 0x00000000a8980000, 0x00000000e0000000)
  object space 140800K, 45% used [0x00000000a0000000,0x00000000a3ed0fd8,0x00000000a8980000)
 Metaspace       used 62662K, capacity 64434K, committed 64792K, reserved 1105920K
  class space    used 8042K, capacity 8421K, committed 8472K, reserved 1048576K
}
Event: 48.070 GC heap before
{Heap before GC invocations=20 (full 3):
 PSYoungGen      total 310272K, used 310260K [0x00000000e0000000, 0x00000000f8800000, 0x0000000100000000)
  eden space 276992K, 100% used [0x00000000e0000000,0x00000000f0e80000,0x00000000f0e80000)
  from space 33280K, 99% used [0x00000000f3a00000,0x00000000f5a7d3b0,0x00000000f5a80000)
  to   space 44544K, 0% used [0x00000000f0e80000,0x00000000f0e80000,0x00000000f3a00000)
 ParOldGen       total 140800K, used 64323K [0x00000000a0000000, 0x00000000a8980000, 0x00000000e0000000)
  object space 140800K, 45% used [0x00000000a0000000,0x00000000a3ed0fd8,0x00000000a8980000)
 Metaspace       used 62794K, capacity 64562K, committed 64792K, reserved 1105920K
  class space    used 8043K, capacity 8421K, committed 8472K, reserved 1048576K
Event: 48.190 GC heap after
Heap after GC invocations=20 (full 3):
 PSYoungGen      total 321536K, used 44533K [0x00000000e0000000, 0x00000000f8800000, 0x0000000100000000)
  eden space 276992K, 0% used [0x00000000e0000000,0x00000000e0000000,0x00000000f0e80000)
  from space 44544K, 99% used [0x00000000f0e80000,0x00000000f39fd590,0x00000000f3a00000)
  to   space 33280K, 0% used [0x00000000f3a00000,0x00000000f3a00000,0x00000000f5a80000)
 ParOldGen       total 140800K, used 78169K [0x00000000a0000000, 0x00000000a8980000, 0x00000000e0000000)
  object space 140800K, 55% used [0x00000000a0000000,0x00000000a4c56658,0x00000000a8980000)
 Metaspace       used 62794K, capacity 64562K, committed 64792K, reserved 1105920K
  class space    used 8043K, capacity 8421K, committed 8472K, reserved 1048576K
}
Event: 49.517 GC heap before
{Heap before GC invocations=21 (full 3):
 PSYoungGen      total 321536K, used 321525K [0x00000000e0000000, 0x00000000f8800000, 0x0000000100000000)
  eden space 276992K, 100% used [0x00000000e0000000,0x00000000f0e80000,0x00000000f0e80000)
  from space 44544K, 99% used [0x00000000f0e80000,0x00000000f39fd590,0x00000000f3a00000)
  to   space 33280K, 0% used [0x00000000f3a00000,0x00000000f3a00000,0x00000000f5a80000)
 ParOldGen       total 140800K, used 78169K [0x00000000a0000000, 0x00000000a8980000, 0x00000000e0000000)
  object space 140800K, 55% used [0x00000000a0000000,0x00000000a4c56658,0x00000000a8980000)
 Metaspace       used 62849K, capacity 64626K, committed 64792K, reserved 1105920K
  class space    used 8043K, capacity 8421K, committed 8472K, reserved 1048576K
Event: 49.689 GC heap after
Heap after GC invocations=21 (full 3):
 PSYoungGen      total 310272K, used 33248K [0x00000000e0000000, 0x00000000f8800000, 0x0000000100000000)
  eden space 276992K, 0% used [0x00000000e0000000,0x00000000e0000000,0x00000000f0e80000)
  from space 33280K, 99% used [0x00000000f3a00000,0x00000000f5a78188,0x00000000f5a80000)
  to   space 44544K, 0% used [0x00000000f0e80000,0x00000000f0e80000,0x00000000f3a00000)
 ParOldGen       total 140800K, used 126217K [0x00000000a0000000, 0x00000000a8980000, 0x00000000e0000000)
  object space 140800K, 89% used [0x00000000a0000000,0x00000000a7b42528,0x00000000a8980000)
 Metaspace       used 62849K, capacity 64626K, committed 64792K, reserved 1105920K
  class space    used 8043K, capacity 8421K, committed 8472K, reserved 1048576K
}
Event: 49.689 GC heap before
{Heap before GC invocations=22 (full 4):
 PSYoungGen      total 310272K, used 33248K [0x00000000e0000000, 0x00000000f8800000, 0x0000000100000000)
  eden space 276992K, 0% used [0x00000000e0000000,0x00000000e0000000,0x00000000f0e80000)
  from space 33280K, 99% used [0x00000000f3a00000,0x00000000f5a78188,0x00000000f5a80000)
  to   space 44544K, 0% used [0x00000000f0e80000,0x00000000f0e80000,0x00000000f3a00000)
 ParOldGen       total 140800K, used 126217K [0x00000000a0000000, 0x00000000a8980000, 0x00000000e0000000)
  object space 140800K, 89% used [0x00000000a0000000,0x00000000a7b42528,0x00000000a8980000)
 Metaspace       used 62849K, capacity 64626K, committed 64792K, reserved 1105920K
  class space    used 8043K, capacity 8421K, committed 8472K, reserved 1048576K
Event: 50.612 GC heap after
Heap after GC invocations=22 (full 4):
 PSYoungGen      total 310272K, used 0K [0x00000000e0000000, 0x00000000f8800000, 0x0000000100000000)
  eden space 276992K, 0% used [0x00000000e0000000,0x00000000e0000000,0x00000000f0e80000)
  from space 33280K, 0% used [0x00000000f3a00000,0x00000000f3a00000,0x00000000f5a80000)
  to   space 44544K, 0% used [0x00000000f0e80000,0x00000000f0e80000,0x00000000f3a00000)
 ParOldGen       total 140800K, used 116716K [0x00000000a0000000, 0x00000000a8980000, 0x00000000e0000000)
  object space 140800K, 82% used [0x00000000a0000000,0x00000000a71fb250,0x00000000a8980000)
 Metaspace       used 62844K, capacity 64612K, committed 64792K, reserved 1105920K
  class space    used 8041K, capacity 8418K, committed 8472K, reserved 1048576K
}

