# JRE version: OpenJDK Runtime Environment (8.0_76-b03) (build 1.8.0_76-release-b03)
# Java VM: OpenJDK 64-Bit Server VM (25.76-b03 mixed mode windows-amd64 compressed oops)
Heap:
 PSYoungGen      total 402944K, used 136889K [0x00000000e0000000, 0x00000000fca80000, 0x0000000100000000)
  eden space 340992K, 40% used [0x00000000e0000000,0x00000000e85ae5c0,0x00000000f4d00000)
  from space 61952K, 0% used [0x00000000f8a00000,0x00000000f8a00000,0x00000000fc680000)
  to   space 62464K, 0% used [0x00000000f4d00000,0x00000000f4d00000,0x00000000f8a00000)
 ParOldGen       total 270336K, used 117215K [0x00000000a0000000, 0x00000000b0800000, 0x00000000e0000000)
  object space 270336K, 43% used [0x00000000a0000000,0x00000000a7277d30,0x00000000b0800000)
 Metaspace       used 62823K, capacity 64622K, committed 64792K, reserved 1105920K
  class space    used 8045K, capacity 8455K, committed 8496K, reserved 1048576K
GC Heap History (10 events):
Event: 25.919 GC heap before
{Heap before GC invocations=18 (full 3):
 PSYoungGen      total 241664K, used 241635K [0x00000000e0000000, 0x00000000f1700000, 0x0000000100000000)
  eden space 220160K, 100% used [0x00000000e0000000,0x00000000ed700000,0x00000000ed700000)
  from space 21504K, 99% used [0x00000000ef200000,0x00000000f06f8de0,0x00000000f0700000)
  to   space 27648K, 0% used [0x00000000ed700000,0x00000000ed700000,0x00000000ef200000)
 ParOldGen       total 138752K, used 42705K [0x00000000a0000000, 0x00000000a8780000, 0x00000000e0000000)
  object space 138752K, 30% used [0x00000000a0000000,0x00000000a29b4460,0x00000000a8780000)
 Metaspace       used 62574K, capacity 64366K, committed 64536K, reserved 1105920K
  class space    used 8043K, capacity 8455K, committed 8496K, reserved 1048576K
Event: 25.970 GC heap after
Heap after GC invocations=18 (full 3):
 PSYoungGen      total 247808K, used 27620K [0x00000000e0000000, 0x00000000f5300000, 0x0000000100000000)
  eden space 220160K, 0% used [0x00000000e0000000,0x00000000e0000000,0x00000000ed700000)
  from space 27648K, 99% used [0x00000000ed700000,0x00000000ef1f93c8,0x00000000ef200000)
  to   space 34816K, 0% used [0x00000000f3100000,0x00000000f3100000,0x00000000f5300000)
 ParOldGen       total 138752K, used 50331K [0x00000000a0000000, 0x00000000a8780000, 0x00000000e0000000)
  object space 138752K, 36% used [0x00000000a0000000,0x00000000a3126de0,0x00000000a8780000)
 Metaspace       used 62574K, capacity 64366K, committed 64536K, reserved 1105920K
  class space    used 8043K, capacity 8455K, committed 8496K, reserved 1048576K
}
Event: 26.938 GC heap before
{Heap before GC invocations=19 (full 3):
 PSYoungGen      total 247808K, used 247780K [0x00000000e0000000, 0x00000000f5300000, 0x0000000100000000)
  eden space 220160K, 100% used [0x00000000e0000000,0x00000000ed700000,0x00000000ed700000)
  from space 27648K, 99% used [0x00000000ed700000,0x00000000ef1f93c8,0x00000000ef200000)
  to   space 34816K, 0% used [0x00000000f3100000,0x00000000f3100000,0x00000000f5300000)
 ParOldGen       total 138752K, used 50331K [0x00000000a0000000, 0x00000000a8780000, 0x00000000e0000000)
  object space 138752K, 36% used [0x00000000a0000000,0x00000000a3126de0,0x00000000a8780000)
 Metaspace       used 62627K, capacity 64430K, committed 64536K, reserved 1105920K
  class space    used 8044K, capacity 8455K, committed 8496K, reserved 1048576K
Event: 27.079 GC heap after
Heap after GC invocations=19 (full 3):
 PSYoungGen      total 299520K, used 34808K [0x00000000e0000000, 0x00000000f8980000, 0x0000000100000000)
  eden space 264704K, 0% used [0x00000000e0000000,0x00000000e0000000,0x00000000f0280000)
  from space 34816K, 99% used [0x00000000f3100000,0x00000000f52fe0a8,0x00000000f5300000)
  to   space 47616K, 0% used [0x00000000f0280000,0x00000000f0280000,0x00000000f3100000)
 ParOldGen       total 138752K, used 69674K [0x00000000a0000000, 0x00000000a8780000, 0x00000000e0000000)
  object space 138752K, 50% used [0x00000000a0000000,0x00000000a440a878,0x00000000a8780000)
 Metaspace       used 62627K, capacity 64430K, committed 64536K, reserved 1105920K
  class space    used 8044K, capacity 8455K, committed 8496K, reserved 1048576K
}
Event: 28.546 GC heap before
{Heap before GC invocations=20 (full 3):
 PSYoungGen      total 299520K, used 299512K [0x00000000e0000000, 0x00000000f8980000, 0x0000000100000000)
  eden space 264704K, 100% used [0x00000000e0000000,0x00000000f0280000,0x00000000f0280000)
  from space 34816K, 99% used [0x00000000f3100000,0x00000000f52fe0a8,0x00000000f5300000)
  to   space 47616K, 0% used [0x00000000f0280000,0x00000000f0280000,0x00000000f3100000)
 ParOldGen       total 138752K, used 69674K [0x00000000a0000000, 0x00000000a8780000, 0x00000000e0000000)
  object space 138752K, 50% used [0x00000000a0000000,0x00000000a440a878,0x00000000a8780000)
 Metaspace       used 62730K, capacity 64558K, committed 64792K, reserved 1105920K
  class space    used 8045K, capacity 8455K, committed 8496K, reserved 1048576K
Event: 28.722 GC heap after
Heap after GC invocations=20 (full 3):
 PSYoungGen      total 312320K, used 47612K [0x00000000e0000000, 0x00000000fc680000, 0x0000000100000000)
  eden space 264704K, 0% used [0x00000000e0000000,0x00000000e0000000,0x00000000f0280000)
  from space 47616K, 99% used [0x00000000f0280000,0x00000000f30ff260,0x00000000f3100000)
  to   space 61952K, 0% used [0x00000000f8a00000,0x00000000f8a00000,0x00000000fc680000)
 ParOldGen       total 138752K, used 86044K [0x00000000a0000000, 0x00000000a8780000, 0x00000000e0000000)
  object space 138752K, 62% used [0x00000000a0000000,0x00000000a5407080,0x00000000a8780000)
 Metaspace       used 62730K, capacity 64558K, committed 64792K, reserved 1105920K
  class space    used 8045K, capacity 8455K, committed 8496K, reserved 1048576K
}
Event: 29.909 GC heap before
{Heap before GC invocations=21 (full 3):
 PSYoungGen      total 312320K, used 312316K [0x00000000e0000000, 0x00000000fc680000, 0x0000000100000000)
  eden space 264704K, 100% used [0x00000000e0000000,0x00000000f0280000,0x00000000f0280000)
  from space 47616K, 99% used [0x00000000f0280000,0x00000000f30ff260,0x00000000f3100000)
  to   space 61952K, 0% used [0x00000000f8a00000,0x00000000f8a00000,0x00000000fc680000)
 ParOldGen       total 138752K, used 86044K [0x00000000a0000000, 0x00000000a8780000, 0x00000000e0000000)
  object space 138752K, 62% used [0x00000000a0000000,0x00000000a5407080,0x00000000a8780000)
 Metaspace       used 62787K, capacity 64622K, committed 64792K, reserved 1105920K
  class space    used 8045K, capacity 8455K, committed 8496K, reserved 1048576K
Event: 30.042 GC heap after
Heap after GC invocations=21 (full 3):
 PSYoungGen      total 402944K, used 35335K [0x00000000e0000000, 0x00000000fca80000, 0x0000000100000000)
  eden space 340992K, 0% used [0x00000000e0000000,0x00000000e0000000,0x00000000f4d00000)
  from space 61952K, 57% used [0x00000000f8a00000,0x00000000fac81f80,0x00000000fc680000)
  to   space 62464K, 0% used [0x00000000f4d00000,0x00000000f4d00000,0x00000000f8a00000)
 ParOldGen       total 138752K, used 132944K [0x00000000a0000000, 0x00000000a8780000, 0x00000000e0000000)
  object space 138752K, 95% used [0x00000000a0000000,0x00000000a81d43b8,0x00000000a8780000)
 Metaspace       used 62787K, capacity 64622K, committed 64792K, reserved 1105920K
  class space    used 8045K, capacity 8455K, committed 8496K, reserved 1048576K
}
Event: 30.042 GC heap before
{Heap before GC invocations=22 (full 4):
 PSYoungGen      total 402944K, used 35335K [0x00000000e0000000, 0x00000000fca80000, 0x0000000100000000)
  eden space 340992K, 0% used [0x00000000e0000000,0x00000000e0000000,0x00000000f4d00000)
  from space 61952K, 57% used [0x00000000f8a00000,0x00000000fac81f80,0x00000000fc680000)
  to   space 62464K, 0% used [0x00000000f4d00000,0x00000000f4d00000,0x00000000f8a00000)
 ParOldGen       total 138752K, used 132944K [0x00000000a0000000, 0x00000000a8780000, 0x00000000e0000000)
  object space 138752K, 95% used [0x00000000a0000000,0x00000000a81d43b8,0x00000000a8780000)
 Metaspace       used 62787K, capacity 64622K, committed 64792K, reserved 1105920K
  class space    used 8045K, capacity 8455K, committed 8496K, reserved 1048576K
Event: 30.946 GC heap after
Heap after GC invocations=22 (full 4):
 PSYoungGen      total 402944K, used 0K [0x00000000e0000000, 0x00000000fca80000, 0x0000000100000000)
  eden space 340992K, 0% used [0x00000000e0000000,0x00000000e0000000,0x00000000f4d00000)
  from space 61952K, 0% used [0x00000000f8a00000,0x00000000f8a00000,0x00000000fc680000)
  to   space 62464K, 0% used [0x00000000f4d00000,0x00000000f4d00000,0x00000000f8a00000)
 ParOldGen       total 270336K, used 117215K [0x00000000a0000000, 0x00000000b0800000, 0x00000000e0000000)
  object space 270336K, 43% used [0x00000000a0000000,0x00000000a7277d30,0x00000000b0800000)
 Metaspace       used 62787K, capacity 64622K, committed 64792K, reserved 1105920K
  class space    used 8045K, capacity 8455K, committed 8496K, reserved 1048576K
}

