# JRE version: OpenJDK Runtime Environment (8.0_76-b03) (build 1.8.0_76-release-b03)
# Java VM: OpenJDK 64-Bit Server VM (25.76-b03 mixed mode windows-amd64 compressed oops)
Heap:
 PSYoungGen      total 354304K, used 101429K [0x00000000e0000000, 0x00000000faa80000, 0x0000000100000000)
  eden space 293376K, 34% used [0x00000000e0000000,0x00000000e630d428,0x00000000f1e80000)
  from space 60928K, 0% used [0x00000000f1e80000,0x00000000f1e80000,0x00000000f5a00000)
  to   space 46592K, 0% used [0x00000000f5a00000,0x00000000f5a00000,0x00000000f8780000)
 ParOldGen       total 147968K, used 35608K [0x00000000a0000000, 0x00000000a9080000, 0x00000000e0000000)
  object space 147968K, 24% used [0x00000000a0000000,0x00000000a22c61a8,0x00000000a9080000)
 Metaspace       used 65840K, capacity 67744K, committed 67992K, reserved 1107968K
  class space    used 8364K, capacity 8772K, committed 8880K, reserved 1048576K
GC Heap History (10 events):
Event: 27.015 GC heap before
{Heap before GC invocations=21 (full 3):
 PSYoungGen      total 275456K, used 275452K [0x00000000e0000000, 0x00000000f8780000, 0x0000000100000000)
  eden space 243200K, 100% used [0x00000000e0000000,0x00000000eed80000,0x00000000eed80000)
  from space 32256K, 99% used [0x00000000eed80000,0x00000000f0cff2c8,0x00000000f0d00000)
  to   space 46592K, 0% used [0x00000000f5a00000,0x00000000f5a00000,0x00000000f8780000)
 ParOldGen       total 147968K, used 62428K [0x00000000a0000000, 0x00000000a9080000, 0x00000000e0000000)
  object space 147968K, 42% used [0x00000000a0000000,0x00000000a3cf7280,0x00000000a9080000)
 Metaspace       used 62761K, capacity 64458K, committed 64536K, reserved 1105920K
  class space    used 8052K, capacity 8423K, committed 8496K, reserved 1048576K
Event: 27.145 GC heap after
Heap after GC invocations=21 (full 3):
 PSYoungGen      total 339968K, used 46581K [0x00000000e0000000, 0x00000000faa80000, 0x0000000100000000)
  eden space 293376K, 0% used [0x00000000e0000000,0x00000000e0000000,0x00000000f1e80000)
  from space 46592K, 99% used [0x00000000f5a00000,0x00000000f877d4f0,0x00000000f8780000)
  to   space 60928K, 0% used [0x00000000f1e80000,0x00000000f1e80000,0x00000000f5a00000)
 ParOldGen       total 147968K, used 79111K [0x00000000a0000000, 0x00000000a9080000, 0x00000000e0000000)
  object space 147968K, 53% used [0x00000000a0000000,0x00000000a4d41c78,0x00000000a9080000)
 Metaspace       used 62761K, capacity 64458K, committed 64536K, reserved 1105920K
  class space    used 8052K, capacity 8423K, committed 8496K, reserved 1048576K
}
Event: 28.420 GC heap before
{Heap before GC invocations=22 (full 3):
 PSYoungGen      total 339968K, used 339957K [0x00000000e0000000, 0x00000000faa80000, 0x0000000100000000)
  eden space 293376K, 100% used [0x00000000e0000000,0x00000000f1e80000,0x00000000f1e80000)
  from space 46592K, 99% used [0x00000000f5a00000,0x00000000f877d4f0,0x00000000f8780000)
  to   space 60928K, 0% used [0x00000000f1e80000,0x00000000f1e80000,0x00000000f5a00000)
 ParOldGen       total 147968K, used 79111K [0x00000000a0000000, 0x00000000a9080000, 0x00000000e0000000)
  object space 147968K, 53% used [0x00000000a0000000,0x00000000a4d41c78,0x00000000a9080000)
 Metaspace       used 62876K, capacity 64586K, committed 64792K, reserved 1105920K
  class space    used 8053K, capacity 8423K, committed 8496K, reserved 1048576K
Event: 28.585 GC heap after
Heap after GC invocations=22 (full 3):
 PSYoungGen      total 354304K, used 60898K [0x00000000e0000000, 0x00000000faa80000, 0x0000000100000000)
  eden space 293376K, 0% used [0x00000000e0000000,0x00000000e0000000,0x00000000f1e80000)
  from space 60928K, 99% used [0x00000000f1e80000,0x00000000f59f8ac8,0x00000000f5a00000)
  to   space 46592K, 0% used [0x00000000f5a00000,0x00000000f5a00000,0x00000000f8780000)
 ParOldGen       total 147968K, used 95422K [0x00000000a0000000, 0x00000000a9080000, 0x00000000e0000000)
  object space 147968K, 64% used [0x00000000a0000000,0x00000000a5d2fb98,0x00000000a9080000)
 Metaspace       used 62876K, capacity 64586K, committed 64792K, reserved 1105920K
  class space    used 8053K, capacity 8423K, committed 8496K, reserved 1048576K
}
Event: 30.769 GC heap before
{Heap before GC invocations=23 (full 3):
 PSYoungGen      total 354304K, used 353319K [0x00000000e0000000, 0x00000000faa80000, 0x0000000100000000)
  eden space 293376K, 99% used [0x00000000e0000000,0x00000000f1d91530,0x00000000f1e80000)
  from space 60928K, 99% used [0x00000000f1e80000,0x00000000f59f8ac8,0x00000000f5a00000)
  to   space 46592K, 0% used [0x00000000f5a00000,0x00000000f5a00000,0x00000000f8780000)
 ParOldGen       total 147968K, used 95422K [0x00000000a0000000, 0x00000000a9080000, 0x00000000e0000000)
  object space 147968K, 64% used [0x00000000a0000000,0x00000000a5d2fb98,0x00000000a9080000)
 Metaspace       used 63955K, capacity 65654K, committed 65944K, reserved 1105920K
  class space    used 8188K, capacity 8561K, committed 8624K, reserved 1048576K
Event: 30.921 GC heap after
Heap after GC invocations=23 (full 3):
 PSYoungGen      total 339968K, used 46574K [0x00000000e0000000, 0x00000000faa80000, 0x0000000100000000)
  eden space 293376K, 0% used [0x00000000e0000000,0x00000000e0000000,0x00000000f1e80000)
  from space 46592K, 99% used [0x00000000f5a00000,0x00000000f877b8e8,0x00000000f8780000)
  to   space 60928K, 0% used [0x00000000f1e80000,0x00000000f1e80000,0x00000000f5a00000)
 ParOldGen       total 147968K, used 104543K [0x00000000a0000000, 0x00000000a9080000, 0x00000000e0000000)
  object space 147968K, 70% used [0x00000000a0000000,0x00000000a6617d30,0x00000000a9080000)
 Metaspace       used 63955K, capacity 65654K, committed 65944K, reserved 1105920K
  class space    used 8188K, capacity 8561K, committed 8624K, reserved 1048576K
}
Event: 31.603 GC heap before
{Heap before GC invocations=24 (full 3):
 PSYoungGen      total 339968K, used 164241K [0x00000000e0000000, 0x00000000faa80000, 0x0000000100000000)
  eden space 293376K, 40% used [0x00000000e0000000,0x00000000e72e8c88,0x00000000f1e80000)
  from space 46592K, 99% used [0x00000000f5a00000,0x00000000f877b8e8,0x00000000f8780000)
  to   space 60928K, 0% used [0x00000000f1e80000,0x00000000f1e80000,0x00000000f5a00000)
 ParOldGen       total 147968K, used 104543K [0x00000000a0000000, 0x00000000a9080000, 0x00000000e0000000)
  object space 147968K, 70% used [0x00000000a0000000,0x00000000a6617d30,0x00000000a9080000)
 Metaspace       used 65404K, capacity 67204K, committed 67480K, reserved 1107968K
  class space    used 8349K, capacity 8754K, committed 8880K, reserved 1048576K
Event: 31.756 GC heap after
Heap after GC invocations=24 (full 3):
 PSYoungGen      total 354304K, used 39815K [0x00000000e0000000, 0x00000000faa80000, 0x0000000100000000)
  eden space 293376K, 0% used [0x00000000e0000000,0x00000000e0000000,0x00000000f1e80000)
  from space 60928K, 65% used [0x00000000f1e80000,0x00000000f4561d48,0x00000000f5a00000)
  to   space 46592K, 0% used [0x00000000f5a00000,0x00000000f5a00000,0x00000000f8780000)
 ParOldGen       total 147968K, used 104751K [0x00000000a0000000, 0x00000000a9080000, 0x00000000e0000000)
  object space 147968K, 70% used [0x00000000a0000000,0x00000000a664bd30,0x00000000a9080000)
 Metaspace       used 65404K, capacity 67204K, committed 67480K, reserved 1107968K
  class space    used 8349K, capacity 8754K, committed 8880K, reserved 1048576K
}
Event: 31.756 GC heap before
{Heap before GC invocations=25 (full 4):
 PSYoungGen      total 354304K, used 39815K [0x00000000e0000000, 0x00000000faa80000, 0x0000000100000000)
  eden space 293376K, 0% used [0x00000000e0000000,0x00000000e0000000,0x00000000f1e80000)
  from space 60928K, 65% used [0x00000000f1e80000,0x00000000f4561d48,0x00000000f5a00000)
  to   space 46592K, 0% used [0x00000000f5a00000,0x00000000f5a00000,0x00000000f8780000)
 ParOldGen       total 147968K, used 104751K [0x00000000a0000000, 0x00000000a9080000, 0x00000000e0000000)
  object space 147968K, 70% used [0x00000000a0000000,0x00000000a664bd30,0x00000000a9080000)
 Metaspace       used 65404K, capacity 67204K, committed 67480K, reserved 1107968K
  class space    used 8349K, capacity 8754K, committed 8880K, reserved 1048576K
Event: 32.262 GC heap after
Heap after GC invocations=25 (full 4):
 PSYoungGen      total 354304K, used 0K [0x00000000e0000000, 0x00000000faa80000, 0x0000000100000000)
  eden space 293376K, 0% used [0x00000000e0000000,0x00000000e0000000,0x00000000f1e80000)
  from space 60928K, 0% used [0x00000000f1e80000,0x00000000f1e80000,0x00000000f5a00000)
  to   space 46592K, 0% used [0x00000000f5a00000,0x00000000f5a00000,0x00000000f8780000)
 ParOldGen       total 147968K, used 35608K [0x00000000a0000000, 0x00000000a9080000, 0x00000000e0000000)
  object space 147968K, 24% used [0x00000000a0000000,0x00000000a22c61a8,0x00000000a9080000)
 Metaspace       used 65403K, capacity 67202K, committed 67480K, reserved 1107968K
  class space    used 8349K, capacity 8753K, committed 8880K, reserved 1048576K
}

